[2024-05-04T07:29:30.414+0000] {local_task_job_runner.py:120} INFO - ::group::Pre task execution logs
[2024-05-04T07:29:30.440+0000] {taskinstance.py:2073} INFO - Dependencies all met for dep_context=non-requeueable deps ti=<TaskInstance: weather_dag.extract_weather_data manual__2024-05-04T07:29:22.919450+00:00 [queued]>
[2024-05-04T07:29:30.452+0000] {taskinstance.py:2073} INFO - Dependencies all met for dep_context=requeueable deps ti=<TaskInstance: weather_dag.extract_weather_data manual__2024-05-04T07:29:22.919450+00:00 [queued]>
[2024-05-04T07:29:30.453+0000] {taskinstance.py:2303} INFO - Starting attempt 1 of 3
[2024-05-04T07:29:30.470+0000] {taskinstance.py:2327} INFO - Executing <Task(SimpleHttpOperator): extract_weather_data> on 2024-05-04 07:29:22.919450+00:00
[2024-05-04T07:29:30.476+0000] {standard_task_runner.py:63} INFO - Started process 26693 to run task
[2024-05-04T07:29:30.482+0000] {standard_task_runner.py:90} INFO - Running: ['airflow', 'tasks', 'run', 'weather_dag', 'extract_weather_data', 'manual__2024-05-04T07:29:22.919450+00:00', '--job-id', '38', '--raw', '--subdir', 'DAGS_FOLDER/weather_dag.py', '--cfg-path', '/tmp/tmp72iyy49b']
[2024-05-04T07:29:30.483+0000] {standard_task_runner.py:91} INFO - Job 38: Subtask extract_weather_data
[2024-05-04T07:29:30.529+0000] {task_command.py:426} INFO - Running <TaskInstance: weather_dag.extract_weather_data manual__2024-05-04T07:29:22.919450+00:00 [running]> on host ip-172-31-26-226.eu-north-1.compute.internal
[2024-05-04T07:29:30.638+0000] {taskinstance.py:2644} INFO - Exporting env vars: AIRFLOW_CTX_DAG_EMAIL='myemail@domain.com' AIRFLOW_CTX_DAG_OWNER='airflow' AIRFLOW_CTX_DAG_ID='weather_dag' AIRFLOW_CTX_TASK_ID='extract_weather_data' AIRFLOW_CTX_EXECUTION_DATE='2024-05-04T07:29:22.919450+00:00' AIRFLOW_CTX_TRY_NUMBER='1' AIRFLOW_CTX_DAG_RUN_ID='manual__2024-05-04T07:29:22.919450+00:00'
[2024-05-04T07:29:30.640+0000] {taskinstance.py:430} INFO - ::endgroup::
[2024-05-04T07:29:30.640+0000] {http.py:169} INFO - Calling HTTP method
[2024-05-04T07:29:30.647+0000] {base.py:84} INFO - Using connection ID 'weathermap_api' for task execution.
[2024-05-04T07:29:30.651+0000] {base.py:84} INFO - Using connection ID 'weathermap_api' for task execution.
[2024-05-04T07:29:30.841+0000] {http.py:208} INFO - {"coord":{"lon":-122.6762,"lat":45.5234},"weather":[{"id":500,"main":"Rain","description":"light rain","icon":"10n"},{"id":701,"main":"Mist","description":"mist","icon":"50n"}],"base":"stations","main":{"temp":284.57,"feels_like":284.25,"temp_min":283.42,"temp_max":285.43,"pressure":1004,"humidity":95},"visibility":9656,"wind":{"speed":0.89,"deg":225,"gust":2.24},"rain":{"1h":0.49},"clouds":{"all":100},"dt":1714807770,"sys":{"type":2,"id":2008548,"country":"US","sunrise":1714827204,"sunset":1714879282},"timezone":-25200,"id":5746545,"name":"Portland","cod":200}
[2024-05-04T07:29:30.844+0000] {taskinstance.py:441} INFO - ::group::Post task execution logs
[2024-05-04T07:29:30.859+0000] {taskinstance.py:1205} INFO - Marking task as SUCCESS. dag_id=weather_dag, task_id=extract_weather_data, execution_date=20240504T072922, start_date=20240504T072930, end_date=20240504T072930
[2024-05-04T07:29:30.895+0000] {local_task_job_runner.py:240} INFO - Task exited with return code 0
[2024-05-04T07:29:30.907+0000] {logging_mixin.py:188} WARNING - /home/ubuntu/airflow_environment/lib/python3.12/site-packages/airflow/models/baseoperator.py:1296 AirflowProviderDeprecationWarning: Call to deprecated class SimpleHttpOperator. (Class `SimpleHttpOperator` is deprecated and will be removed in a future release. Please use `HttpOperator` instead.)
[2024-05-04T07:29:30.916+0000] {taskinstance.py:3482} INFO - 1 downstream tasks scheduled from follow-on schedule check
[2024-05-04T07:29:30.922+0000] {local_task_job_runner.py:222} INFO - ::endgroup::
