[2024-05-04T07:41:47.115+0000] {local_task_job_runner.py:120} INFO - ::group::Pre task execution logs
[2024-05-04T07:41:47.131+0000] {taskinstance.py:2073} INFO - Dependencies all met for dep_context=non-requeueable deps ti=<TaskInstance: weather_dag.extract_weather_data manual__2024-05-04T07:41:38.916109+00:00 [queued]>
[2024-05-04T07:41:47.138+0000] {taskinstance.py:2073} INFO - Dependencies all met for dep_context=requeueable deps ti=<TaskInstance: weather_dag.extract_weather_data manual__2024-05-04T07:41:38.916109+00:00 [queued]>
[2024-05-04T07:41:47.139+0000] {taskinstance.py:2303} INFO - Starting attempt 1 of 3
[2024-05-04T07:41:47.157+0000] {taskinstance.py:2327} INFO - Executing <Task(SimpleHttpOperator): extract_weather_data> on 2024-05-04 07:41:38.916109+00:00
[2024-05-04T07:41:47.163+0000] {standard_task_runner.py:63} INFO - Started process 28996 to run task
[2024-05-04T07:41:47.169+0000] {standard_task_runner.py:90} INFO - Running: ['airflow', 'tasks', 'run', 'weather_dag', 'extract_weather_data', 'manual__2024-05-04T07:41:38.916109+00:00', '--job-id', '44', '--raw', '--subdir', 'DAGS_FOLDER/weather_dag.py', '--cfg-path', '/tmp/tmpxas80jv_']
[2024-05-04T07:41:47.170+0000] {standard_task_runner.py:91} INFO - Job 44: Subtask extract_weather_data
[2024-05-04T07:41:47.213+0000] {task_command.py:426} INFO - Running <TaskInstance: weather_dag.extract_weather_data manual__2024-05-04T07:41:38.916109+00:00 [running]> on host ip-172-31-26-226.eu-north-1.compute.internal
[2024-05-04T07:41:47.286+0000] {taskinstance.py:2644} INFO - Exporting env vars: AIRFLOW_CTX_DAG_EMAIL='myemail@domain.com' AIRFLOW_CTX_DAG_OWNER='airflow' AIRFLOW_CTX_DAG_ID='weather_dag' AIRFLOW_CTX_TASK_ID='extract_weather_data' AIRFLOW_CTX_EXECUTION_DATE='2024-05-04T07:41:38.916109+00:00' AIRFLOW_CTX_TRY_NUMBER='1' AIRFLOW_CTX_DAG_RUN_ID='manual__2024-05-04T07:41:38.916109+00:00'
[2024-05-04T07:41:47.288+0000] {taskinstance.py:430} INFO - ::endgroup::
[2024-05-04T07:41:47.288+0000] {http.py:169} INFO - Calling HTTP method
[2024-05-04T07:41:47.294+0000] {base.py:84} INFO - Using connection ID 'weathermap_api' for task execution.
[2024-05-04T07:41:47.300+0000] {base.py:84} INFO - Using connection ID 'weathermap_api' for task execution.
[2024-05-04T07:41:47.481+0000] {http.py:208} INFO - {"coord":{"lon":-122.6762,"lat":45.5234},"weather":[{"id":701,"main":"Mist","description":"mist","icon":"50n"},{"id":500,"main":"Rain","description":"light rain","icon":"10n"}],"base":"stations","main":{"temp":284.51,"feels_like":284.18,"temp_min":283.18,"temp_max":285.43,"pressure":1004,"humidity":95},"visibility":9656,"wind":{"speed":0.89,"deg":217,"gust":3.13},"rain":{"1h":0.75},"clouds":{"all":100},"dt":1714808503,"sys":{"type":2,"id":2008548,"country":"US","sunrise":1714827204,"sunset":1714879282},"timezone":-25200,"id":5746545,"name":"Portland","cod":200}
[2024-05-04T07:41:47.484+0000] {taskinstance.py:441} INFO - ::group::Post task execution logs
[2024-05-04T07:41:47.502+0000] {taskinstance.py:1205} INFO - Marking task as SUCCESS. dag_id=weather_dag, task_id=extract_weather_data, execution_date=20240504T074138, start_date=20240504T074147, end_date=20240504T074147
[2024-05-04T07:41:47.543+0000] {local_task_job_runner.py:240} INFO - Task exited with return code 0
[2024-05-04T07:41:47.556+0000] {logging_mixin.py:188} WARNING - /home/ubuntu/airflow_environment/lib/python3.12/site-packages/airflow/models/baseoperator.py:1296 AirflowProviderDeprecationWarning: Call to deprecated class SimpleHttpOperator. (Class `SimpleHttpOperator` is deprecated and will be removed in a future release. Please use `HttpOperator` instead.)
[2024-05-04T07:41:47.565+0000] {taskinstance.py:3482} INFO - 1 downstream tasks scheduled from follow-on schedule check
[2024-05-04T07:41:47.570+0000] {local_task_job_runner.py:222} INFO - ::endgroup::
