2024-05-04 04:12:06.447 [info] Log level: Info
2024-05-04 04:12:06.447 [info] Validating found git in: "git"
2024-05-04 04:12:06.447 [info] Using git "2.43.0" from "git"
2024-05-04 04:12:06.447 [info] > git rev-parse --show-toplevel [10ms]
2024-05-04 04:12:06.447 [info] fatal: not a git repository (or any of the parent directories): .git
2024-05-04 04:12:06.447 [info] > git rev-parse --show-toplevel [1ms]
2024-05-04 04:12:06.447 [info] fatal: not a git repository (or any of the parent directories): .git
2024-05-04 04:12:06.458 [info] > git rev-parse --show-toplevel [10ms]
2024-05-04 04:12:06.458 [info] fatal: not a git repository (or any of the parent directories): .git
2024-05-04 04:12:06.476 [info] > git rev-parse --show-toplevel [7ms]
2024-05-04 04:12:06.476 [info] fatal: not a git repository (or any of the parent directories): .git
2024-05-04 04:12:06.485 [info] > git rev-parse --show-toplevel [2ms]
2024-05-04 04:12:06.485 [info] fatal: not a git repository (or any of the parent directories): .git
2024-05-04 04:12:06.494 [info] > git rev-parse --show-toplevel [1ms]
2024-05-04 04:12:06.494 [info] fatal: not a git repository (or any of the parent directories): .git
2024-05-04 04:12:45.029 [info] > git rev-parse --show-toplevel [4ms]
2024-05-04 04:12:45.029 [info] fatal: not a git repository (or any of the parent directories): .git
2024-05-04 04:18:47.808 [info] > git rev-parse --show-toplevel [2ms]
2024-05-04 04:18:47.808 [info] fatal: not a git repository (or any of the parent directories): .git
2024-05-04 04:19:05.876 [info] > git rev-parse --show-toplevel [9ms]
2024-05-04 04:19:05.876 [info] fatal: not a git repository (or any of the parent directories): .git
2024-05-04 04:19:19.859 [info] > git rev-parse --show-toplevel [2ms]
2024-05-04 04:19:19.859 [info] fatal: not a git repository (or any of the parent directories): .git
2024-05-04 04:19:20.034 [info] > git rev-parse --show-toplevel [1ms]
2024-05-04 04:19:20.034 [info] fatal: not a git repository (or any of the parent directories): .git
2024-05-04 04:19:42.437 [info] > git rev-parse --show-toplevel [4ms]
2024-05-04 04:19:42.437 [info] fatal: not a git repository (or any of the parent directories): .git
2024-05-04 04:38:03.565 [info] > git rev-parse --show-toplevel [1ms]
2024-05-04 04:38:03.565 [info] fatal: not a git repository (or any of the parent directories): .git
2024-05-04 05:19:46.604 [info] > git rev-parse --show-toplevel [3ms]
2024-05-04 05:19:46.604 [info] fatal: not a git repository (or any of the parent directories): .git
2024-05-04 05:28:07.217 [info] > git rev-parse --show-toplevel [4ms]
2024-05-04 05:28:07.217 [info] fatal: not a git repository (or any of the parent directories): .git
2024-05-04 05:28:14.918 [info] > git rev-parse --show-toplevel [2ms]
2024-05-04 05:28:14.918 [info] fatal: not a git repository (or any of the parent directories): .git
2024-05-04 05:28:34.639 [info] > git rev-parse --show-toplevel [2ms]
2024-05-04 05:28:34.639 [info] fatal: not a git repository (or any of the parent directories): .git
2024-05-04 05:36:11.016 [info] > git rev-parse --show-toplevel [6ms]
2024-05-04 05:36:11.016 [info] fatal: not a git repository (or any of the parent directories): .git
2024-05-04 05:43:26.998 [info] > git rev-parse --show-toplevel [2ms]
2024-05-04 05:43:26.998 [info] fatal: not a git repository (or any of the parent directories): .git
2024-05-04 08:11:55.356 [info] > git rev-parse --show-toplevel [2ms]
2024-05-04 08:11:55.387 [info] > git rev-parse --git-dir --git-common-dir [2ms]
2024-05-04 08:11:55.410 [info] Open repository: /home/ubuntu
2024-05-04 08:11:55.445 [info] No remotes found in the git config file.
2024-05-04 08:11:55.446 [info] > git config --get commit.template [20ms]
2024-05-04 08:11:55.447 [info] > git for-each-ref --format=%(refname)%00%(upstream:short)%00%(objectname)%00%(upstream:track)%00%(upstream:remotename)%00%(upstream:remoteref) refs/heads/master refs/remotes/master [4ms]
2024-05-04 08:11:55.447 [warning] No such branch: master.
2024-05-04 08:11:55.700 [info] > git status -z -uall [237ms] (cancelled)
2024-05-04 08:11:56.193 [info] > git check-ignore -v -z --stdin [2ms]
2024-05-04 08:11:56.512 [info] > git show --textconv :airflow/dags/weather_dag.py [18ms]
2024-05-04 08:11:56.514 [info] > git ls-files --stage -- /home/ubuntu/airflow/dags/weather_dag.py [3ms]
2024-05-04 08:12:07.397 [info] > git config --get commit.template [18ms]
2024-05-04 08:12:07.419 [info] No remotes found in the git config file.
2024-05-04 08:12:07.420 [info] > git for-each-ref --format=%(refname)%00%(upstream:short)%00%(objectname)%00%(upstream:track)%00%(upstream:remotename)%00%(upstream:remoteref) refs/heads/master refs/remotes/master [2ms]
2024-05-04 08:12:07.421 [warning] No such branch: master.
2024-05-04 08:12:09.573 [info] > git status -z -uall [2132ms] (cancelled)
2024-05-04 08:13:41.852 [info] > git check-ignore -v -z --stdin [1ms]
2024-05-04 08:14:01.521 [info] > git check-ignore -v -z --stdin [2ms]
2024-05-04 08:14:55.371 [info] > git check-ignore -v -z --stdin [2ms]
2024-05-04 08:15:01.421 [info] > git check-ignore -v -z --stdin [1ms]
2024-05-04 08:15:14.068 [info] > git check-ignore -v -z --stdin [3ms]
2024-05-04 08:15:34.872 [info] > git check-ignore -v -z --stdin [1ms]
2024-05-04 08:15:47.255 [info] > git check-ignore -v -z --stdin [1ms]
2024-05-04 08:15:55.859 [info] > git show --textconv :.aws/config [28ms]
2024-05-04 08:15:55.861 [info] > git ls-files --stage -- /home/ubuntu/.aws/config [5ms]
2024-05-04 08:16:13.004 [info] > git show --textconv :.aws/credentials [37ms]
2024-05-04 08:16:13.006 [info] > git ls-files --stage -- /home/ubuntu/.aws/credentials [11ms]
